<?xml version="1.0" encoding="UTF-8"?>
<!-- Generated by org.testng.reporters.JUnitXMLReporter -->
<testsuite ignored="0" hostname="DESKTOP-8C0LO3K" failures="1" tests="1" name="Login Test" time="8.047" errors="0" timestamp="2024-10-10T12:26:22 IST">
  <testcase classname="com.demoshop.tests.LoginTest" name="verifyUserIsAbleToLoginWithValidCreds" time="1.986">
    <failure type="java.lang.AssertionError" message="Logged Email is not matching expected [hjjjjf] but found [obsqura24@gmail.com]">
      <![CDATA[java.lang.AssertionError: Logged Email is not matching expected [hjjjjf] but found [obsqura24@gmail.com]
at com.demoshop.tests.LoginTest.verifyUserIsAbleToLoginWithValidCreds(LoginTest.java:17)
at java.base/java.util.ArrayList.forEach(ArrayList.java:1511)
at java.base/java.util.concurrent.FutureTask.run(FutureTask.java:264)
at java.base/java.util.concurrent.ThreadPoolExecutor.runWorker(ThreadPoolExecutor.java:1136)
at java.base/java.util.concurrent.ThreadPoolExecutor$Worker.run(ThreadPoolExecutor.java:635)
at java.base/java.lang.Thread.run(Thread.java:842)
... Removed 22 stack frames]]>
    </failure>
  </testcase> <!-- verifyUserIsAbleToLoginWithValidCreds -->
</testsuite> <!-- Login Test -->
