<?xml version="1.0" encoding="UTF-8"?>
<!-- Generated by org.testng.reporters.JUnitXMLReporter -->
<testsuite ignored="0" hostname="DESKTOP-8C0LO3K" failures="1" tests="1" name="Subscription Test" time="12.122" errors="0" timestamp="2024-10-03T12:45:48 IST">
  <testcase classname="com.demoshop.tests.SubscriptionTest" name="verifyUserIsAbleToSubscribeWithValidEmail" time="1.424">
    <failure type="java.lang.AssertionError" message="expected [Thank you for signing up! A verification email has been sent. We appreciate your interest.] but found []">
      <![CDATA[java.lang.AssertionError: expected [Thank you for signing up! A verification email has been sent. We appreciate your interest.] but found []
at com.demoshop.tests.SubscriptionTest.verifyUserIsAbleToSubscribeWithValidEmail(SubscriptionTest.java:16)
at java.base/java.util.ArrayList.forEach(ArrayList.java:1511)
... Removed 33 stack frames]]>
    </failure>
  </testcase> <!-- verifyUserIsAbleToSubscribeWithValidEmail -->
</testsuite> <!-- Subscription Test -->
