<?xml version="1.0" encoding="UTF-8"?>
<testng-results ignored="0" total="8" passed="8" failed="0" skipped="0">
  <reporter-output>
  </reporter-output>
  <suite started-at="2024-10-11T12:43:37 IST" name="Suite" finished-at="2024-10-11T12:43:55 IST" duration-ms="18150">
    <groups>
      <group name="Smoke">
        <method signature="SubscriptionTest.verifyUserIsAbleToSubscribeWithValidEmail()[pri:0, instance:com.demoshop.tests.SubscriptionTest@3ad83a66]" name="verifyUserIsAbleToSubscribeWithValidEmail" class="com.demoshop.tests.SubscriptionTest"/>
        <method signature="E2ECheckoutTest.verifyNewUserRegistersAndCheckoutProduct()[pri:0, instance:com.demoshop.tests.E2ECheckoutTest@57bc27f5]" name="verifyNewUserRegistersAndCheckoutProduct" class="com.demoshop.tests.E2ECheckoutTest"/>
      </group> <!-- Smoke -->
    </groups>
    <test started-at="2024-10-11T12:43:37 IST" name="Search Test" finished-at="2024-10-11T12:43:45 IST" duration-ms="7927">
      <class name="com.demoshop.tests.SearchTest">
        <test-method is-config="true" signature="initDriver(java.lang.String)[pri:0, instance:com.demoshop.tests.SearchTest@d737b89]" started-at="2024-10-11T12:43:37 IST" name="initDriver" finished-at="2024-10-11T12:43:43 IST" duration-ms="6247" status="PASS">
          <params>
            <param index="0">
              <value is-null="true"/>
            </param>
          </params>
          <reporter-output>
          </reporter-output>
        </test-method> <!-- initDriver -->
        <test-method signature="verifyUserIsAbletoSearchDesiredProducts()[pri:0, instance:com.demoshop.tests.SearchTest@d737b89]" started-at="2024-10-11T12:43:43 IST" name="verifyUserIsAbletoSearchDesiredProducts" finished-at="2024-10-11T12:43:44 IST" duration-ms="1421" status="PASS">
          <reporter-output>
          </reporter-output>
        </test-method> <!-- verifyUserIsAbletoSearchDesiredProducts -->
        <test-method is-config="true" signature="tearDown()[pri:0, instance:com.demoshop.tests.SearchTest@d737b89]" started-at="2024-10-11T12:43:44 IST" name="tearDown" finished-at="2024-10-11T12:43:45 IST" duration-ms="214" status="PASS">
          <reporter-output>
          </reporter-output>
        </test-method> <!-- tearDown -->
      </class> <!-- com.demoshop.tests.SearchTest -->
    </test> <!-- Search Test -->
    <test started-at="2024-10-11T12:43:37 IST" name="Registeration Test" finished-at="2024-10-11T12:43:46 IST" duration-ms="9476">
      <class name="com.demoshop.tests.RegisterationTest">
        <test-method is-config="true" signature="initDriver(java.lang.String)[pri:0, instance:com.demoshop.tests.RegisterationTest@5965d37]" started-at="2024-10-11T12:43:37 IST" name="initDriver" finished-at="2024-10-11T12:43:42 IST" duration-ms="5567" status="PASS">
          <params>
            <param index="0">
              <value is-null="true"/>
            </param>
          </params>
          <reporter-output>
          </reporter-output>
        </test-method> <!-- initDriver -->
        <test-method signature="verifyUserIsAbleToRegisterUsingCorrectCredsFromExcel()[pri:0, instance:com.demoshop.tests.RegisterationTest@5965d37]" started-at="2024-10-11T12:43:42 IST" name="verifyUserIsAbleToRegisterUsingCorrectCredsFromExcel" finished-at="2024-10-11T12:43:46 IST" duration-ms="3601" status="PASS">
          <reporter-output>
          </reporter-output>
        </test-method> <!-- verifyUserIsAbleToRegisterUsingCorrectCredsFromExcel -->
        <test-method is-config="true" signature="tearDown()[pri:0, instance:com.demoshop.tests.RegisterationTest@5965d37]" started-at="2024-10-11T12:43:46 IST" name="tearDown" finished-at="2024-10-11T12:43:46 IST" duration-ms="270" status="PASS">
          <reporter-output>
          </reporter-output>
        </test-method> <!-- tearDown -->
      </class> <!-- com.demoshop.tests.RegisterationTest -->
    </test> <!-- Registeration Test -->
    <test started-at="2024-10-11T12:43:37 IST" name="Excel Registeration" finished-at="2024-10-11T12:43:47 IST" duration-ms="9767">
      <class name="com.demoshop.tests.ExcelRegisterationTest">
        <test-method is-config="true" signature="initDriver(java.lang.String)[pri:0, instance:com.demoshop.tests.ExcelRegisterationTest@710636b0]" started-at="2024-10-11T12:43:37 IST" name="initDriver" finished-at="2024-10-11T12:43:43 IST" duration-ms="6247" status="PASS">
          <params>
            <param index="0">
              <value is-null="true"/>
            </param>
          </params>
          <reporter-output>
          </reporter-output>
        </test-method> <!-- initDriver -->
        <test-method signature="verifyUserIsAbleToRegisterUsingCorrectCreds()[pri:0, instance:com.demoshop.tests.ExcelRegisterationTest@710636b0]" started-at="2024-10-11T12:43:43 IST" name="verifyUserIsAbleToRegisterUsingCorrectCreds" finished-at="2024-10-11T12:43:46 IST" duration-ms="3294" status="PASS">
          <reporter-output>
          </reporter-output>
        </test-method> <!-- verifyUserIsAbleToRegisterUsingCorrectCreds -->
        <test-method is-config="true" signature="tearDown()[pri:0, instance:com.demoshop.tests.ExcelRegisterationTest@710636b0]" started-at="2024-10-11T12:43:46 IST" name="tearDown" finished-at="2024-10-11T12:43:47 IST" duration-ms="186" status="PASS">
          <reporter-output>
          </reporter-output>
        </test-method> <!-- tearDown -->
      </class> <!-- com.demoshop.tests.ExcelRegisterationTest -->
    </test> <!-- Excel Registeration -->
    <test started-at="2024-10-11T12:43:37 IST" name="DataProviderRegisteration" finished-at="2024-10-11T12:43:47 IST" duration-ms="9853">
      <class name="com.demoshop.tests.RegisterationDP">
        <test-method is-config="true" signature="initDriver(java.lang.String)[pri:0, instance:com.demoshop.tests.RegisterationDP@6f01b95f]" started-at="2024-10-11T12:43:37 IST" name="initDriver" finished-at="2024-10-11T12:43:42 IST" duration-ms="4762" status="PASS">
          <params>
            <param index="0">
              <value is-null="true"/>
            </param>
          </params>
          <reporter-output>
          </reporter-output>
        </test-method> <!-- initDriver -->
        <test-method signature="verifyUserIsAbleToMultipleRegisterUsingCorrectCreds(java.lang.String,java.lang.String,java.lang.String,java.lang.String)[pri:0, instance:com.demoshop.tests.RegisterationDP@6f01b95f]" started-at="2024-10-11T12:43:42 IST" name="verifyUserIsAbleToMultipleRegisterUsingCorrectCreds" data-provider="getData" finished-at="2024-10-11T12:43:46 IST" duration-ms="4710" status="PASS">
          <params>
            <param index="0">
              <value>
                <![CDATA[Nan]]>
              </value>
            </param>
            <param index="1">
              <value>
                <![CDATA[Bode]]>
              </value>
            </param>
            <param index="2">
              <value>
                <![CDATA[jerrold.walsh@yahoo.com]]>
              </value>
            </param>
            <param index="3">
              <value>
                <![CDATA[m9cqte0cglyce]]>
              </value>
            </param>
          </params>
          <reporter-output>
          </reporter-output>
        </test-method> <!-- verifyUserIsAbleToMultipleRegisterUsingCorrectCreds -->
        <test-method is-config="true" signature="tearDown()[pri:0, instance:com.demoshop.tests.RegisterationDP@6f01b95f]" started-at="2024-10-11T12:43:46 IST" name="tearDown" finished-at="2024-10-11T12:43:47 IST" duration-ms="139" status="PASS">
          <reporter-output>
          </reporter-output>
        </test-method> <!-- tearDown -->
      </class> <!-- com.demoshop.tests.RegisterationDP -->
    </test> <!-- DataProviderRegisteration -->
    <test started-at="2024-10-11T12:43:45 IST" name="Login Test" finished-at="2024-10-11T12:43:51 IST" duration-ms="5786">
      <class name="com.demoshop.tests.LoginTest">
        <test-method is-config="true" signature="initDriver(java.lang.String)[pri:0, instance:com.demoshop.tests.LoginTest@2a8448fa]" started-at="2024-10-11T12:43:45 IST" name="initDriver" finished-at="2024-10-11T12:43:49 IST" duration-ms="3887" status="PASS">
          <params>
            <param index="0">
              <value is-null="true"/>
            </param>
          </params>
          <reporter-output>
          </reporter-output>
        </test-method> <!-- initDriver -->
        <test-method signature="verifyUserIsAbleToLoginWithValidCreds()[pri:0, instance:com.demoshop.tests.LoginTest@2a8448fa]" started-at="2024-10-11T12:43:49 IST" name="verifyUserIsAbleToLoginWithValidCreds" finished-at="2024-10-11T12:43:51 IST" duration-ms="1784" status="PASS">
          <reporter-output>
          </reporter-output>
        </test-method> <!-- verifyUserIsAbleToLoginWithValidCreds -->
        <test-method is-config="true" signature="tearDown()[pri:0, instance:com.demoshop.tests.LoginTest@2a8448fa]" started-at="2024-10-11T12:43:51 IST" name="tearDown" finished-at="2024-10-11T12:43:51 IST" duration-ms="113" status="PASS">
          <reporter-output>
          </reporter-output>
        </test-method> <!-- tearDown -->
      </class> <!-- com.demoshop.tests.LoginTest -->
    </test> <!-- Login Test -->
    <test started-at="2024-10-11T12:43:37 IST" name="Rg DP2" finished-at="2024-10-11T12:43:52 IST" duration-ms="15479">
      <class name="com.demoshop.tests.RegisterationDP2">
        <test-method is-config="true" signature="initDriver(java.lang.String)[pri:0, instance:com.demoshop.tests.RegisterationDP2@eadd4fb]" started-at="2024-10-11T12:43:37 IST" name="initDriver" finished-at="2024-10-11T12:43:43 IST" duration-ms="5968" status="PASS">
          <params>
            <param index="0">
              <value is-null="true"/>
            </param>
          </params>
          <reporter-output>
          </reporter-output>
        </test-method> <!-- initDriver -->
        <test-method signature="verifyUserIsAbleToMultipleRegisterUsingCorrectCreds(java.util.List)[pri:0, instance:com.demoshop.tests.RegisterationDP2@eadd4fb]" started-at="2024-10-11T12:43:43 IST" name="verifyUserIsAbleToMultipleRegisterUsingCorrectCreds" data-provider="getData" finished-at="2024-10-11T12:43:52 IST" duration-ms="9139" status="PASS">
          <params>
            <param index="0">
              <value>
                <![CDATA[[Person [fName=Tory, lName=Kihn, email=luise.hoppe@yahoo.com, password=8hja5vy9, confirmPassword=8hja5vy9], Person [fName=Regena, lName=Brown, email=katherine.beer@hotmail.com, password=8hja5vy9, confirmPassword=8hja5vy9]]]]>
              </value>
            </param>
          </params>
          <reporter-output>
          </reporter-output>
        </test-method> <!-- verifyUserIsAbleToMultipleRegisterUsingCorrectCreds -->
        <test-method is-config="true" signature="tearDown()[pri:0, instance:com.demoshop.tests.RegisterationDP2@eadd4fb]" started-at="2024-10-11T12:43:52 IST" name="tearDown" finished-at="2024-10-11T12:43:52 IST" duration-ms="116" status="PASS">
          <reporter-output>
          </reporter-output>
        </test-method> <!-- tearDown -->
      </class> <!-- com.demoshop.tests.RegisterationDP2 -->
    </test> <!-- Rg DP2 -->
    <test started-at="2024-10-11T12:43:46 IST" name="Subscription Test" finished-at="2024-10-11T12:43:53 IST" duration-ms="6766">
      <class name="com.demoshop.tests.SubscriptionTest">
        <test-method is-config="true" signature="initDriver(java.lang.String)[pri:0, instance:com.demoshop.tests.SubscriptionTest@3ad83a66]" started-at="2024-10-11T12:43:46 IST" name="initDriver" finished-at="2024-10-11T12:43:52 IST" duration-ms="5788" status="PASS">
          <params>
            <param index="0">
              <value is-null="true"/>
            </param>
          </params>
          <reporter-output>
          </reporter-output>
        </test-method> <!-- initDriver -->
        <test-method signature="verifyUserIsAbleToSubscribeWithValidEmail()[pri:0, instance:com.demoshop.tests.SubscriptionTest@3ad83a66]" started-at="2024-10-11T12:43:52 IST" name="verifyUserIsAbleToSubscribeWithValidEmail" finished-at="2024-10-11T12:43:53 IST" duration-ms="855" status="PASS">
          <reporter-output>
          </reporter-output>
        </test-method> <!-- verifyUserIsAbleToSubscribeWithValidEmail -->
        <test-method is-config="true" signature="tearDown()[pri:0, instance:com.demoshop.tests.SubscriptionTest@3ad83a66]" started-at="2024-10-11T12:43:53 IST" name="tearDown" finished-at="2024-10-11T12:43:53 IST" duration-ms="113" status="PASS">
          <reporter-output>
          </reporter-output>
        </test-method> <!-- tearDown -->
      </class> <!-- com.demoshop.tests.SubscriptionTest -->
    </test> <!-- Subscription Test -->
    <test started-at="2024-10-11T12:43:47 IST" name="E2E Test" finished-at="2024-10-11T12:43:55 IST" duration-ms="8363">
      <class name="com.demoshop.tests.E2ECheckoutTest">
        <test-method is-config="true" signature="initDriver(java.lang.String)[pri:0, instance:com.demoshop.tests.E2ECheckoutTest@57bc27f5]" started-at="2024-10-11T12:43:47 IST" name="initDriver" finished-at="2024-10-11T12:43:51 IST" duration-ms="3951" status="PASS">
          <params>
            <param index="0">
              <value is-null="true"/>
            </param>
          </params>
          <reporter-output>
          </reporter-output>
        </test-method> <!-- initDriver -->
        <test-method signature="verifyNewUserRegistersAndCheckoutProduct()[pri:0, instance:com.demoshop.tests.E2ECheckoutTest@57bc27f5]" started-at="2024-10-11T12:43:51 IST" name="verifyNewUserRegistersAndCheckoutProduct" finished-at="2024-10-11T12:43:55 IST" duration-ms="4285" status="PASS">
          <reporter-output>
          </reporter-output>
        </test-method> <!-- verifyNewUserRegistersAndCheckoutProduct -->
        <test-method is-config="true" signature="tearDown()[pri:0, instance:com.demoshop.tests.E2ECheckoutTest@57bc27f5]" started-at="2024-10-11T12:43:55 IST" name="tearDown" finished-at="2024-10-11T12:43:55 IST" duration-ms="123" status="PASS">
          <reporter-output>
          </reporter-output>
        </test-method> <!-- tearDown -->
      </class> <!-- com.demoshop.tests.E2ECheckoutTest -->
    </test> <!-- E2E Test -->
  </suite> <!-- Suite -->
</testng-results>
