<?xml version="1.0" encoding="UTF-8"?>
<testng-results ignored="0" total="7" passed="6" failed="1" skipped="0">
  <reporter-output>
  </reporter-output>
  <suite started-at="2024-10-03T12:43:41 IST" name="Suite" finished-at="2024-10-03T12:45:48 IST" duration-ms="127113">
    <groups>
    </groups>
    <test started-at="2024-10-03T12:43:41 IST" name="Search Test" finished-at="2024-10-03T12:44:02 IST" duration-ms="21134">
      <class name="com.demoshop.tests.SearchTest">
        <test-method is-config="true" signature="initDriver()[pri:0, instance:com.demoshop.tests.SearchTest@158d2680]" started-at="2024-10-03T12:43:41 IST" name="initDriver" finished-at="2024-10-03T12:43:58 IST" duration-ms="17232" status="PASS">
          <reporter-output>
          </reporter-output>
        </test-method> <!-- initDriver -->
        <test-method signature="verifyUserIsAbletoSearchDesiredProducts()[pri:0, instance:com.demoshop.tests.SearchTest@158d2680]" started-at="2024-10-03T12:43:58 IST" name="verifyUserIsAbletoSearchDesiredProducts" finished-at="2024-10-03T12:44:01 IST" duration-ms="2109" status="PASS">
          <reporter-output>
          </reporter-output>
        </test-method> <!-- verifyUserIsAbletoSearchDesiredProducts -->
        <test-method is-config="true" signature="tearDown()[pri:0, instance:com.demoshop.tests.SearchTest@158d2680]" started-at="2024-10-03T12:44:01 IST" name="tearDown" finished-at="2024-10-03T12:44:02 IST" duration-ms="1516" status="PASS">
          <reporter-output>
          </reporter-output>
        </test-method> <!-- tearDown -->
      </class> <!-- com.demoshop.tests.SearchTest -->
    </test> <!-- Search Test -->
    <test started-at="2024-10-03T12:44:03 IST" name="DataProviderRegisteration" finished-at="2024-10-03T12:44:20 IST" duration-ms="17021">
      <class name="com.demoshop.tests.RegisterationDP">
        <test-method is-config="true" signature="initDriver()[pri:0, instance:com.demoshop.tests.RegisterationDP@702657cc]" started-at="2024-10-03T12:44:04 IST" name="initDriver" finished-at="2024-10-03T12:44:14 IST" duration-ms="9515" status="PASS">
          <reporter-output>
          </reporter-output>
        </test-method> <!-- initDriver -->
        <test-method signature="verifyUserIsAbleToMultipleRegisterUsingCorrectCreds(java.lang.String,java.lang.String,java.lang.String,java.lang.String)[pri:0, instance:com.demoshop.tests.RegisterationDP@702657cc]" started-at="2024-10-03T12:44:14 IST" name="verifyUserIsAbleToMultipleRegisterUsingCorrectCreds" data-provider="getData" finished-at="2024-10-03T12:44:19 IST" duration-ms="5059" status="PASS">
          <params>
            <param index="0">
              <value>
                <![CDATA[Lanny]]>
              </value>
            </param>
            <param index="1">
              <value>
                <![CDATA[MacGyver]]>
              </value>
            </param>
            <param index="2">
              <value>
                <![CDATA[ines.ritchie@yahoo.com]]>
              </value>
            </param>
            <param index="3">
              <value>
                <![CDATA[hdmt0h1d6c5q9w]]>
              </value>
            </param>
          </params>
          <reporter-output>
          </reporter-output>
        </test-method> <!-- verifyUserIsAbleToMultipleRegisterUsingCorrectCreds -->
        <test-method is-config="true" signature="tearDown()[pri:0, instance:com.demoshop.tests.RegisterationDP@702657cc]" started-at="2024-10-03T12:44:19 IST" name="tearDown" finished-at="2024-10-03T12:44:20 IST" duration-ms="828" status="PASS">
          <reporter-output>
          </reporter-output>
        </test-method> <!-- tearDown -->
      </class> <!-- com.demoshop.tests.RegisterationDP -->
    </test> <!-- DataProviderRegisteration -->
    <test started-at="2024-10-03T12:44:20 IST" name="Registeration Test" finished-at="2024-10-03T12:44:41 IST" duration-ms="21126">
      <class name="com.demoshop.tests.RegisterationTest">
        <test-method is-config="true" signature="initDriver()[pri:0, instance:com.demoshop.tests.RegisterationTest@22ff4249]" started-at="2024-10-03T12:44:20 IST" name="initDriver" finished-at="2024-10-03T12:44:29 IST" duration-ms="9177" status="PASS">
          <reporter-output>
          </reporter-output>
        </test-method> <!-- initDriver -->
        <test-method signature="verifyUserIsAbleToRegisterUsingCorrectCredsFromExcel()[pri:0, instance:com.demoshop.tests.RegisterationTest@22ff4249]" started-at="2024-10-03T12:44:29 IST" name="verifyUserIsAbleToRegisterUsingCorrectCredsFromExcel" finished-at="2024-10-03T12:44:38 IST" duration-ms="8937" status="PASS">
          <reporter-output>
          </reporter-output>
        </test-method> <!-- verifyUserIsAbleToRegisterUsingCorrectCredsFromExcel -->
        <test-method is-config="true" signature="tearDown()[pri:0, instance:com.demoshop.tests.RegisterationTest@22ff4249]" started-at="2024-10-03T12:44:38 IST" name="tearDown" finished-at="2024-10-03T12:44:41 IST" duration-ms="2985" status="PASS">
          <reporter-output>
          </reporter-output>
        </test-method> <!-- tearDown -->
      </class> <!-- com.demoshop.tests.RegisterationTest -->
    </test> <!-- Registeration Test -->
    <test started-at="2024-10-03T12:44:41 IST" name="Excel Registeration" finished-at="2024-10-03T12:44:56 IST" duration-ms="15537">
      <class name="com.demoshop.tests.ExcelRegisterationTest">
        <test-method is-config="true" signature="initDriver()[pri:0, instance:com.demoshop.tests.ExcelRegisterationTest@4c12331b]" started-at="2024-10-03T12:44:41 IST" name="initDriver" finished-at="2024-10-03T12:44:49 IST" duration-ms="8762" status="PASS">
          <reporter-output>
          </reporter-output>
        </test-method> <!-- initDriver -->
        <test-method signature="verifyUserIsAbleToRegisterUsingCorrectCreds()[pri:0, instance:com.demoshop.tests.ExcelRegisterationTest@4c12331b]" started-at="2024-10-03T12:44:49 IST" name="verifyUserIsAbleToRegisterUsingCorrectCreds" finished-at="2024-10-03T12:44:55 IST" duration-ms="5426" status="PASS">
          <reporter-output>
          </reporter-output>
        </test-method> <!-- verifyUserIsAbleToRegisterUsingCorrectCreds -->
        <test-method is-config="true" signature="tearDown()[pri:0, instance:com.demoshop.tests.ExcelRegisterationTest@4c12331b]" started-at="2024-10-03T12:44:55 IST" name="tearDown" finished-at="2024-10-03T12:44:56 IST" duration-ms="1342" status="PASS">
          <reporter-output>
          </reporter-output>
        </test-method> <!-- tearDown -->
      </class> <!-- com.demoshop.tests.ExcelRegisterationTest -->
    </test> <!-- Excel Registeration -->
    <test started-at="2024-10-03T12:44:56 IST" name="Rg DP2" finished-at="2024-10-03T12:45:21 IST" duration-ms="24583">
      <class name="com.demoshop.tests.RegisterationDP2">
        <test-method is-config="true" signature="initDriver()[pri:0, instance:com.demoshop.tests.RegisterationDP2@6150c3ec]" started-at="2024-10-03T12:44:56 IST" name="initDriver" finished-at="2024-10-03T12:45:05 IST" duration-ms="8467" status="PASS">
          <reporter-output>
          </reporter-output>
        </test-method> <!-- initDriver -->
        <test-method signature="verifyUserIsAbleToMultipleRegisterUsingCorrectCreds(java.util.List)[pri:0, instance:com.demoshop.tests.RegisterationDP2@6150c3ec]" started-at="2024-10-03T12:45:05 IST" name="verifyUserIsAbleToMultipleRegisterUsingCorrectCreds" data-provider="getData" finished-at="2024-10-03T12:45:20 IST" duration-ms="15330" status="PASS">
          <params>
            <param index="0">
              <value>
                <![CDATA[[Person [fName=Terry, lName=Gusikowski, email=abram.skiles@hotmail.com, password=xqkxc102arge813, confirmPassword=xqkxc102arge813], Person [fName=Latosha, lName=Wilkinson, email=winford.howell@yahoo.com, password=xqkxc102arge813, confirmPassword=xqkxc102arge813]]]]>
              </value>
            </param>
          </params>
          <reporter-output>
          </reporter-output>
        </test-method> <!-- verifyUserIsAbleToMultipleRegisterUsingCorrectCreds -->
        <test-method is-config="true" signature="tearDown()[pri:0, instance:com.demoshop.tests.RegisterationDP2@6150c3ec]" started-at="2024-10-03T12:45:20 IST" name="tearDown" finished-at="2024-10-03T12:45:21 IST" duration-ms="626" status="PASS">
          <reporter-output>
          </reporter-output>
        </test-method> <!-- tearDown -->
      </class> <!-- com.demoshop.tests.RegisterationDP2 -->
    </test> <!-- Rg DP2 -->
    <test started-at="2024-10-03T12:45:21 IST" name="Login Test" finished-at="2024-10-03T12:45:36 IST" duration-ms="15086">
      <class name="com.demoshop.tests.LoginTest">
        <test-method is-config="true" signature="initDriver()[pri:0, instance:com.demoshop.tests.LoginTest@1f2586d6]" started-at="2024-10-03T12:45:21 IST" name="initDriver" finished-at="2024-10-03T12:45:28 IST" duration-ms="7444" status="PASS">
          <reporter-output>
          </reporter-output>
        </test-method> <!-- initDriver -->
        <test-method signature="verifyUserIsAbleToLoginWithValidCreds()[pri:0, instance:com.demoshop.tests.LoginTest@1f2586d6]" started-at="2024-10-03T12:45:28 IST" name="verifyUserIsAbleToLoginWithValidCreds" finished-at="2024-10-03T12:45:35 IST" duration-ms="6525" status="PASS">
          <reporter-output>
          </reporter-output>
        </test-method> <!-- verifyUserIsAbleToLoginWithValidCreds -->
        <test-method is-config="true" signature="tearDown()[pri:0, instance:com.demoshop.tests.LoginTest@1f2586d6]" started-at="2024-10-03T12:45:35 IST" name="tearDown" finished-at="2024-10-03T12:45:36 IST" duration-ms="1098" status="PASS">
          <reporter-output>
          </reporter-output>
        </test-method> <!-- tearDown -->
      </class> <!-- com.demoshop.tests.LoginTest -->
    </test> <!-- Login Test -->
    <test started-at="2024-10-03T12:45:36 IST" name="Subscription Test" finished-at="2024-10-03T12:45:48 IST" duration-ms="12122">
      <class name="com.demoshop.tests.SubscriptionTest">
        <test-method is-config="true" signature="initDriver()[pri:0, instance:com.demoshop.tests.SubscriptionTest@139982de]" started-at="2024-10-03T12:45:36 IST" name="initDriver" finished-at="2024-10-03T12:45:46 IST" duration-ms="9527" status="PASS">
          <reporter-output>
          </reporter-output>
        </test-method> <!-- initDriver -->
        <test-method signature="verifyUserIsAbleToSubscribeWithValidEmail()[pri:0, instance:com.demoshop.tests.SubscriptionTest@139982de]" started-at="2024-10-03T12:45:46 IST" name="verifyUserIsAbleToSubscribeWithValidEmail" finished-at="2024-10-03T12:45:47 IST" duration-ms="1424" status="FAIL">
          <exception class="java.lang.AssertionError">
            <message>
              <![CDATA[expected [Thank you for signing up! A verification email has been sent. We appreciate your interest.] but found []]]>
            </message>
            <full-stacktrace>
              <![CDATA[java.lang.AssertionError: expected [Thank you for signing up! A verification email has been sent. We appreciate your interest.] but found []
at org.testng.Assert.fail(Assert.java:111)
at org.testng.Assert.failNotEquals(Assert.java:1578)
at org.testng.Assert.assertEqualsImpl(Assert.java:150)
at org.testng.Assert.assertEquals(Assert.java:132)
at org.testng.Assert.assertEquals(Assert.java:656)
at org.testng.Assert.assertEquals(Assert.java:666)
at com.demoshop.tests.SubscriptionTest.verifyUserIsAbleToSubscribeWithValidEmail(SubscriptionTest.java:16)
at java.base/jdk.internal.reflect.NativeMethodAccessorImpl.invoke0(Native Method)
at java.base/jdk.internal.reflect.NativeMethodAccessorImpl.invoke(NativeMethodAccessorImpl.java:77)
at java.base/jdk.internal.reflect.DelegatingMethodAccessorImpl.invoke(DelegatingMethodAccessorImpl.java:43)
at java.base/java.lang.reflect.Method.invoke(Method.java:568)
at org.testng.internal.invokers.MethodInvocationHelper.invokeMethod(MethodInvocationHelper.java:139)
at org.testng.internal.invokers.TestInvoker.invokeMethod(TestInvoker.java:664)
at org.testng.internal.invokers.TestInvoker.invokeTestMethod(TestInvoker.java:227)
at org.testng.internal.invokers.MethodRunner.runInSequence(MethodRunner.java:50)
at org.testng.internal.invokers.TestInvoker$MethodInvocationAgent.invoke(TestInvoker.java:957)
at org.testng.internal.invokers.TestInvoker.invokeTestMethods(TestInvoker.java:200)
at org.testng.internal.invokers.TestMethodWorker.invokeTestMethods(TestMethodWorker.java:148)
at org.testng.internal.invokers.TestMethodWorker.run(TestMethodWorker.java:128)
at java.base/java.util.ArrayList.forEach(ArrayList.java:1511)
at org.testng.TestRunner.privateRun(TestRunner.java:848)
at org.testng.TestRunner.run(TestRunner.java:621)
at org.testng.SuiteRunner.runTest(SuiteRunner.java:443)
at org.testng.SuiteRunner.runSequentially(SuiteRunner.java:437)
at org.testng.SuiteRunner.privateRun(SuiteRunner.java:397)
at org.testng.SuiteRunner.run(SuiteRunner.java:336)
at org.testng.SuiteRunnerWorker.runSuite(SuiteRunnerWorker.java:52)
at org.testng.SuiteRunnerWorker.run(SuiteRunnerWorker.java:95)
at org.testng.TestNG.runSuitesSequentially(TestNG.java:1280)
at org.testng.TestNG.runSuitesLocally(TestNG.java:1200)
at org.testng.TestNG.runSuites(TestNG.java:1114)
at org.testng.TestNG.run(TestNG.java:1082)
at org.testng.remote.AbstractRemoteTestNG.run(AbstractRemoteTestNG.java:115)
at org.testng.remote.RemoteTestNG.initAndRun(RemoteTestNG.java:251)
at org.testng.remote.RemoteTestNG.main(RemoteTestNG.java:77)
]]>
            </full-stacktrace>
          </exception> <!-- java.lang.AssertionError -->
          <reporter-output>
          </reporter-output>
        </test-method> <!-- verifyUserIsAbleToSubscribeWithValidEmail -->
        <test-method is-config="true" signature="tearDown()[pri:0, instance:com.demoshop.tests.SubscriptionTest@139982de]" started-at="2024-10-03T12:45:47 IST" name="tearDown" finished-at="2024-10-03T12:45:48 IST" duration-ms="1141" status="PASS">
          <reporter-output>
          </reporter-output>
        </test-method> <!-- tearDown -->
      </class> <!-- com.demoshop.tests.SubscriptionTest -->
    </test> <!-- Subscription Test -->
  </suite> <!-- Suite -->
</testng-results>
